xxxxxxxxxx
x        x
x        x
x        x
x        x
x        x
x        x
x        x
x        x
x        x
x        x
x        x
x        x
x        x
xxxxxxxxxx
xxx
x x
x x
x x
xxx
xxxxxxxxxxxxxxxxxxxxxxxxxxxxxxxxxxxxxxxxxxxxxxxxxx
x                                                x
x                                                x
x                                                x
x                                                x
x                                                x
x                                                x
x                                                x
x                                                x
x                                                x
x                                                x
x                                                x
x                                                x
x                                                x
x                                                x
x                                                x
x                                                x
x                                                x
x                                                x
xxxxxxxxxxxxxxxxxxxxxxxxxxxxxxxxxxxxxxxxxxxxxxxxxx
xxxxxxxxxx
x        x
x        x
x        x
x        x
x        x
x        x
x        x
x        x
xxxxxxxxxx
xx
xx
